2021-02-03 16:40:56 - PHP Warning:  mkdir(): File exists in C:\xampp\htdocs\opencart-3.0.3.7\system\storage\vendor\twig\twig\src\Cache\FilesystemCache.php on line 54
2021-02-03 16:40:57 - PHP Warning:  mkdir(): File exists in C:\xampp\htdocs\opencart-3.0.3.7\system\storage\vendor\twig\twig\src\Cache\FilesystemCache.php on line 54
2021-02-03 16:40:57 - PHP Warning:  rename(C:\xampp\htdocs\opencart-3.0.3.7\system\storage\cache\template\8e\8ed56BE.tmp,C:/xampp/htdocs/opencart-3.0.3.7/system/storage/cache/template/8e/8edb4e13672148a4bfb8122120a41208f54697d1edf35b52dbf811fe4899533b.php): Access is denied (code: 5) in C:\xampp\htdocs\opencart-3.0.3.7\system\storage\vendor\twig\twig\src\Cache\FilesystemCache.php on line 65
2021-02-04 11:06:50 - PHP Warning:  mail(): Failed to connect to mailserver at &quot;localhost&quot; port 25, verify your &quot;SMTP&quot; and &quot;smtp_port&quot; setting in php.ini or use ini_set() in C:\xampp\htdocs\opencart-3.0.3.7\system\library\mail\mail.php on line 77
2021-02-04 11:07:16 - PHP Warning:  mail(): Failed to connect to mailserver at &quot;localhost&quot; port 25, verify your &quot;SMTP&quot; and &quot;smtp_port&quot; setting in php.ini or use ini_set() in C:\xampp\htdocs\opencart-3.0.3.7\system\library\mail\mail.php on line 77
2021-02-04 11:07:18 - PHP Warning:  mail(): Failed to connect to mailserver at &quot;localhost&quot; port 25, verify your &quot;SMTP&quot; and &quot;smtp_port&quot; setting in php.ini or use ini_set() in C:\xampp\htdocs\opencart-3.0.3.7\system\library\mail\mail.php on line 77
2021-03-04 9:19:58 - PHP Warning:  mysqli::__construct(): (HY000/1698): Access denied for user 'root'@'localhost' in /var/www/html/opencart/system/library/db/mysqli.php on line 7
2021-03-04 9:20:44 - PHP Warning:  mysqli::__construct(): (HY000/2002): Connection refused in /var/www/html/opencart/system/library/db/mysqli.php on line 7
2021-03-04 9:20:58 - PHP Warning:  mysqli::__construct(): (HY000/2002): Connection refused in /var/www/html/opencart/system/library/db/mysqli.php on line 7
2021-03-04 9:21:10 - PHP Warning:  mysqli::__construct(): (HY000/2002): Connection refused in /var/www/html/opencart/system/library/db/mysqli.php on line 7
2021-03-04 9:21:22 - PHP Warning:  mysqli::__construct(): (HY000/2002): Connection refused in /var/www/html/opencart/system/library/db/mysqli.php on line 7
2021-03-04 10:01:30 - PHP Warning:  mysqli::__construct(): (HY000/1698): Access denied for user 'root'@'localhost' in /var/www/html/opencart/system/library/db/mysqli.php on line 7
2021-04-13 14:34:24 - PHP Notice:  Undefined index: product_id in /var/www/html/opencart/catalog/controller/product/product.php on line 540
2021-04-13 14:34:24 - PHP Notice:  Undefined index: product_id in /var/www/html/opencart/catalog/controller/product/product.php on line 542
2021-04-13 14:34:24 - PHP Notice:  Undefined index: product_id in /var/www/html/opencart/catalog/controller/product/product.php on line 557
2021-04-30 10:57:37 - PHP Warning:  Division by zero in /var/www/html/opencart/catalog/controller/product/search.php on line 408
2021-05-10 14:56:24 - PHP Warning:  fopen(/var/www/html/opencart/system/storage/logs/OpenCartAction.txt): failed to open stream: Permission denied in /var/www/html/opencart/system/library/log.php on line 22
2021-05-10 14:56:24 - PHP Warning:  fclose() expects parameter 1 to be resource, bool given in /var/www/html/opencart/system/library/log.php on line 39
2021-05-10 14:56:24 - PHP Warning:  fopen(/var/www/html/opencart/system/storage/logs/OpenCartAction.txt): failed to open stream: Permission denied in /var/www/html/opencart/system/library/log.php on line 22
2021-05-10 14:56:25 - PHP Warning:  fclose() expects parameter 1 to be resource, bool given in /var/www/html/opencart/system/library/log.php on line 39
2021-05-10 14:56:25 - PHP Warning:  fopen(/var/www/html/opencart/system/storage/logs/OpenCartAction.txt): failed to open stream: Permission denied in /var/www/html/opencart/system/library/log.php on line 22
2021-05-10 14:56:25 - PHP Warning:  fclose() expects parameter 1 to be resource, bool given in /var/www/html/opencart/system/library/log.php on line 39
2021-05-10 14:56:25 - PHP Warning:  fopen(/var/www/html/opencart/system/storage/logs/OpenCartAction.txt): failed to open stream: Permission denied in /var/www/html/opencart/system/library/log.php on line 22
2021-05-10 14:56:25 - PHP Warning:  fclose() expects parameter 1 to be resource, bool given in /var/www/html/opencart/system/library/log.php on line 39
2021-05-10 14:56:25 - PHP Warning:  fopen(/var/www/html/opencart/system/storage/logs/OpenCartAction.txt): failed to open stream: Permission denied in /var/www/html/opencart/system/library/log.php on line 22
2021-05-10 14:56:25 - PHP Warning:  fclose() expects parameter 1 to be resource, bool given in /var/www/html/opencart/system/library/log.php on line 39
2021-05-10 14:56:25 - PHP Warning:  fopen(/var/www/html/opencart/system/storage/logs/OpenCartAction.txt): failed to open stream: Permission denied in /var/www/html/opencart/system/library/log.php on line 22
2021-05-10 14:56:25 - PHP Warning:  fclose() expects parameter 1 to be resource, bool given in /var/www/html/opencart/system/library/log.php on line 39
2021-05-10 14:56:25 - PHP Warning:  fopen(/var/www/html/opencart/system/storage/logs/OpenCartAction.txt): failed to open stream: Permission denied in /var/www/html/opencart/system/library/log.php on line 22
2021-05-10 14:56:25 - PHP Warning:  fclose() expects parameter 1 to be resource, bool given in /var/www/html/opencart/system/library/log.php on line 39
2021-05-10 14:56:25 - PHP Warning:  fopen(/var/www/html/opencart/system/storage/logs/OpenCartAction.txt): failed to open stream: Permission denied in /var/www/html/opencart/system/library/log.php on line 22
2021-05-10 14:56:25 - PHP Warning:  fopen(/var/www/html/opencart/system/storage/logs/OpenCartAction.txt): failed to open stream: Permission denied in /var/www/html/opencart/system/library/log.php on line 22
2021-05-10 14:56:25 - PHP Warning:  fclose() expects parameter 1 to be resource, bool given in /var/www/html/opencart/system/library/log.php on line 39
2021-05-10 14:56:25 - PHP Warning:  fopen(/var/www/html/opencart/system/storage/logs/OpenCartAction.txt): failed to open stream: Permission denied in /var/www/html/opencart/system/library/log.php on line 22
2021-05-10 14:56:25 - PHP Warning:  fopen(/var/www/html/opencart/system/storage/logs/OpenCartAction.txt): failed to open stream: Permission denied in /var/www/html/opencart/system/library/log.php on line 22
2021-05-10 14:56:25 - PHP Warning:  fclose() expects parameter 1 to be resource, bool given in /var/www/html/opencart/system/library/log.php on line 39
2021-05-10 14:56:25 - PHP Warning:  fopen(/var/www/html/opencart/system/storage/logs/OpenCartAction.txt): failed to open stream: Permission denied in /var/www/html/opencart/system/library/log.php on line 22
2021-05-10 14:56:25 - PHP Warning:  fopen(/var/www/html/opencart/system/storage/logs/OpenCartAction.txt): failed to open stream: Permission denied in /var/www/html/opencart/system/library/log.php on line 22
2021-05-10 14:56:25 - PHP Warning:  fclose() expects parameter 1 to be resource, bool given in /var/www/html/opencart/system/library/log.php on line 39
2021-05-10 14:56:25 - PHP Warning:  fopen(/var/www/html/opencart/system/storage/logs/OpenCartAction.txt): failed to open stream: Permission denied in /var/www/html/opencart/system/library/log.php on line 22
2021-05-10 14:56:25 - PHP Warning:  fclose() expects parameter 1 to be resource, bool given in /var/www/html/opencart/system/library/log.php on line 39
2021-05-10 14:56:25 - PHP Warning:  fclose() expects parameter 1 to be resource, bool given in /var/www/html/opencart/system/library/log.php on line 39
2021-05-10 14:56:25 - PHP Warning:  fopen(/var/www/html/opencart/system/storage/logs/OpenCartAction.txt): failed to open stream: Permission denied in /var/www/html/opencart/system/library/log.php on line 22
2021-05-10 14:56:25 - PHP Warning:  fclose() expects parameter 1 to be resource, bool given in /var/www/html/opencart/system/library/log.php on line 39
2021-05-10 14:56:25 - PHP Warning:  fopen(/var/www/html/opencart/system/storage/logs/OpenCartAction.txt): failed to open stream: Permission denied in /var/www/html/opencart/system/library/log.php on line 22
2021-05-10 14:56:25 - PHP Warning:  fclose() expects parameter 1 to be resource, bool given in /var/www/html/opencart/system/library/log.php on line 39
2021-05-10 14:56:25 - PHP Warning:  fopen(/var/www/html/opencart/system/storage/logs/OpenCartAction.txt): failed to open stream: Permission denied in /var/www/html/opencart/system/library/log.php on line 22
2021-05-10 14:56:25 - PHP Warning:  fopen(/var/www/html/opencart/system/storage/logs/OpenCartAction.txt): failed to open stream: Permission denied in /var/www/html/opencart/system/library/log.php on line 22
2021-05-10 14:56:25 - PHP Warning:  fclose() expects parameter 1 to be resource, bool given in /var/www/html/opencart/system/library/log.php on line 39
2021-05-10 14:56:25 - PHP Warning:  fopen(/var/www/html/opencart/system/storage/logs/OpenCartAction.txt): failed to open stream: Permission denied in /var/www/html/opencart/system/library/log.php on line 22
2021-05-10 14:56:25 - PHP Warning:  fclose() expects parameter 1 to be resource, bool given in /var/www/html/opencart/system/library/log.php on line 39
2021-05-10 14:56:25 - PHP Warning:  fclose() expects parameter 1 to be resource, bool given in /var/www/html/opencart/system/library/log.php on line 39
2021-05-10 14:56:25 - PHP Warning:  fopen(/var/www/html/opencart/system/storage/logs/OpenCartAction.txt): failed to open stream: Permission denied in /var/www/html/opencart/system/library/log.php on line 22
2021-05-10 14:56:25 - PHP Warning:  fclose() expects parameter 1 to be resource, bool given in /var/www/html/opencart/system/library/log.php on line 39
2021-05-10 14:56:25 - PHP Warning:  fopen(/var/www/html/opencart/system/storage/logs/OpenCartAction.txt): failed to open stream: Permission denied in /var/www/html/opencart/system/library/log.php on line 22
2021-05-10 14:56:25 - PHP Warning:  fclose() expects parameter 1 to be resource, bool given in /var/www/html/opencart/system/library/log.php on line 39
2021-05-10 14:56:25 - PHP Warning:  fopen(/var/www/html/opencart/system/storage/logs/OpenCartAction.txt): failed to open stream: Permission denied in /var/www/html/opencart/system/library/log.php on line 22
2021-05-10 14:56:25 - PHP Warning:  fopen(/var/www/html/opencart/system/storage/logs/OpenCartAction.txt): failed to open stream: Permission denied in /var/www/html/opencart/system/library/log.php on line 22
2021-05-10 14:56:25 - PHP Warning:  fclose() expects parameter 1 to be resource, bool given in /var/www/html/opencart/system/library/log.php on line 39
2021-05-10 14:56:25 - PHP Warning:  fopen(/var/www/html/opencart/system/storage/logs/OpenCartAction.txt): failed to open stream: Permission denied in /var/www/html/opencart/system/library/log.php on line 22
2021-05-10 14:56:25 - PHP Warning:  fopen(/var/www/html/opencart/system/storage/logs/OpenCartAction.txt): failed to open stream: Permission denied in /var/www/html/opencart/system/library/log.php on line 22
2021-05-10 14:56:25 - PHP Warning:  fclose() expects parameter 1 to be resource, bool given in /var/www/html/opencart/system/library/log.php on line 39
2021-05-10 14:56:25 - PHP Warning:  fopen(/var/www/html/opencart/system/storage/logs/OpenCartAction.txt): failed to open stream: Permission denied in /var/www/html/opencart/system/library/log.php on line 22
2021-05-10 14:56:25 - PHP Warning:  fclose() expects parameter 1 to be resource, bool given in /var/www/html/opencart/system/library/log.php on line 39
2021-05-10 14:56:25 - PHP Warning:  fclose() expects parameter 1 to be resource, bool given in /var/www/html/opencart/system/library/log.php on line 39
2021-05-10 14:56:25 - PHP Warning:  fopen(/var/www/html/opencart/system/storage/logs/OpenCartAction.txt): failed to open stream: Permission denied in /var/www/html/opencart/system/library/log.php on line 22
2021-05-10 14:56:25 - PHP Warning:  fclose() expects parameter 1 to be resource, bool given in /var/www/html/opencart/system/library/log.php on line 39
2021-05-10 14:56:25 - PHP Warning:  fopen(/var/www/html/opencart/system/storage/logs/OpenCartAction.txt): failed to open stream: Permission denied in /var/www/html/opencart/system/library/log.php on line 22
2021-05-10 14:56:25 - PHP Warning:  fclose() expects parameter 1 to be resource, bool given in /var/www/html/opencart/system/library/log.php on line 39
2021-05-10 14:56:25 - PHP Warning:  fopen(/var/www/html/opencart/system/storage/logs/OpenCartAction.txt): failed to open stream: Permission denied in /var/www/html/opencart/system/library/log.php on line 22
2021-05-10 14:56:25 - PHP Warning:  fopen(/var/www/html/opencart/system/storage/logs/OpenCartAction.txt): failed to open stream: Permission denied in /var/www/html/opencart/system/library/log.php on line 22
2021-05-10 14:56:25 - PHP Warning:  fclose() expects parameter 1 to be resource, bool given in /var/www/html/opencart/system/library/log.php on line 39
2021-05-10 14:56:25 - PHP Warning:  fopen(/var/www/html/opencart/system/storage/logs/OpenCartAction.txt): failed to open stream: Permission denied in /var/www/html/opencart/system/library/log.php on line 22
2021-05-10 14:56:25 - PHP Warning:  fclose() expects parameter 1 to be resource, bool given in /var/www/html/opencart/system/library/log.php on line 39
2021-05-10 14:56:25 - PHP Warning:  fopen(/var/www/html/opencart/system/storage/logs/OpenCartAction.txt): failed to open stream: Permission denied in /var/www/html/opencart/system/library/log.php on line 22
2021-05-10 14:56:25 - PHP Warning:  fclose() expects parameter 1 to be resource, bool given in /var/www/html/opencart/system/library/log.php on line 39
2021-05-10 14:56:25 - PHP Warning:  fclose() expects parameter 1 to be resource, bool given in /var/www/html/opencart/system/library/log.php on line 39
2021-05-10 14:56:25 - PHP Warning:  fopen(/var/www/html/opencart/system/storage/logs/OpenCartAction.txt): failed to open stream: Permission denied in /var/www/html/opencart/system/library/log.php on line 22
2021-05-10 14:56:25 - PHP Warning:  fclose() expects parameter 1 to be resource, bool given in /var/www/html/opencart/system/library/log.php on line 39
2021-05-10 14:56:25 - PHP Warning:  fopen(/var/www/html/opencart/system/storage/logs/OpenCartAction.txt): failed to open stream: Permission denied in /var/www/html/opencart/system/library/log.php on line 22
2021-05-10 14:56:25 - PHP Warning:  fclose() expects parameter 1 to be resource, bool given in /var/www/html/opencart/system/library/log.php on line 39
2021-05-10 14:56:25 - PHP Warning:  fopen(/var/www/html/opencart/system/storage/logs/OpenCartAction.txt): failed to open stream: Permission denied in /var/www/html/opencart/system/library/log.php on line 22
2021-05-10 14:56:25 - PHP Warning:  fopen(/var/www/html/opencart/system/storage/logs/OpenCartAction.txt): failed to open stream: Permission denied in /var/www/html/opencart/system/library/log.php on line 22
2021-05-10 14:56:25 - PHP Warning:  fclose() expects parameter 1 to be resource, bool given in /var/www/html/opencart/system/library/log.php on line 39
2021-05-10 14:56:25 - PHP Warning:  fopen(/var/www/html/opencart/system/storage/logs/OpenCartAction.txt): failed to open stream: Permission denied in /var/www/html/opencart/system/library/log.php on line 22
2021-05-10 14:56:25 - PHP Warning:  fclose() expects parameter 1 to be resource, bool given in /var/www/html/opencart/system/library/log.php on line 39
2021-05-10 14:56:25 - PHP Warning:  fclose() expects parameter 1 to be resource, bool given in /var/www/html/opencart/system/library/log.php on line 39
2021-05-10 14:56:25 - PHP Warning:  fopen(/var/www/html/opencart/system/storage/logs/OpenCartAction.txt): failed to open stream: Permission denied in /var/www/html/opencart/system/library/log.php on line 22
2021-05-10 14:56:25 - PHP Warning:  fclose() expects parameter 1 to be resource, bool given in /var/www/html/opencart/system/library/log.php on line 39
2021-05-10 14:56:25 - PHP Warning:  fopen(/var/www/html/opencart/system/storage/logs/OpenCartAction.txt): failed to open stream: Permission denied in /var/www/html/opencart/system/library/log.php on line 22
2021-05-10 14:56:25 - PHP Warning:  fclose() expects parameter 1 to be resource, bool given in /var/www/html/opencart/system/library/log.php on line 39
2021-05-10 14:56:25 - PHP Warning:  fopen(/var/www/html/opencart/system/storage/logs/OpenCartAction.txt): failed to open stream: Permission denied in /var/www/html/opencart/system/library/log.php on line 22
2021-05-10 14:56:25 - PHP Warning:  fclose() expects parameter 1 to be resource, bool given in /var/www/html/opencart/system/library/log.php on line 39
2021-05-10 14:56:25 - PHP Warning:  fclose() expects parameter 1 to be resource, bool given in /var/www/html/opencart/system/library/log.php on line 39
2021-05-10 14:56:25 - PHP Warning:  fopen(/var/www/html/opencart/system/storage/logs/OpenCartAction.txt): failed to open stream: Permission denied in /var/www/html/opencart/system/library/log.php on line 22
2021-05-10 14:56:25 - PHP Warning:  fclose() expects parameter 1 to be resource, bool given in /var/www/html/opencart/system/library/log.php on line 39
2021-05-10 14:56:25 - PHP Warning:  fopen(/var/www/html/opencart/system/storage/logs/OpenCartAction.txt): failed to open stream: Permission denied in /var/www/html/opencart/system/library/log.php on line 22
2021-05-10 14:56:25 - PHP Warning:  fclose() expects parameter 1 to be resource, bool given in /var/www/html/opencart/system/library/log.php on line 39
2021-05-10 14:56:25 - PHP Warning:  fopen(/var/www/html/opencart/system/storage/logs/OpenCartAction.txt): failed to open stream: Permission denied in /var/www/html/opencart/system/library/log.php on line 22
2021-05-10 14:56:25 - PHP Warning:  fopen(/var/www/html/opencart/system/storage/logs/OpenCartAction.txt): failed to open stream: Permission denied in /var/www/html/opencart/system/library/log.php on line 22
2021-05-10 14:56:25 - PHP Warning:  fclose() expects parameter 1 to be resource, bool given in /var/www/html/opencart/system/library/log.php on line 39
2021-05-10 14:56:25 - PHP Warning:  fopen(/var/www/html/opencart/system/storage/logs/OpenCartAction.txt): failed to open stream: Permission denied in /var/www/html/opencart/system/library/log.php on line 22
2021-05-10 14:56:25 - PHP Warning:  fclose() expects parameter 1 to be resource, bool given in /var/www/html/opencart/system/library/log.php on line 39
2021-05-10 14:56:25 - PHP Warning:  fclose() expects parameter 1 to be resource, bool given in /var/www/html/opencart/system/library/log.php on line 39
2021-05-10 14:56:25 - PHP Warning:  fopen(/var/www/html/opencart/system/storage/logs/OpenCartAction.txt): failed to open stream: Permission denied in /var/www/html/opencart/system/library/log.php on line 22
2021-05-10 14:56:25 - PHP Warning:  fclose() expects parameter 1 to be resource, bool given in /var/www/html/opencart/system/library/log.php on line 39
2021-05-10 14:56:25 - PHP Warning:  fopen(/var/www/html/opencart/system/storage/logs/OpenCartAction.txt): failed to open stream: Permission denied in /var/www/html/opencart/system/library/log.php on line 22
2021-05-10 14:56:25 - PHP Warning:  fclose() expects parameter 1 to be resource, bool given in /var/www/html/opencart/system/library/log.php on line 39
2021-05-10 14:56:25 - PHP Warning:  fopen(/var/www/html/opencart/system/storage/logs/OpenCartAction.txt): failed to open stream: Permission denied in /var/www/html/opencart/system/library/log.php on line 22
2021-05-10 14:56:25 - PHP Warning:  fopen(/var/www/html/opencart/system/storage/logs/OpenCartAction.txt): failed to open stream: Permission denied in /var/www/html/opencart/system/library/log.php on line 22
2021-05-10 14:56:25 - PHP Warning:  fclose() expects parameter 1 to be resource, bool given in /var/www/html/opencart/system/library/log.php on line 39
2021-05-10 14:56:25 - PHP Warning:  fopen(/var/www/html/opencart/system/storage/logs/OpenCartAction.txt): failed to open stream: Permission denied in /var/www/html/opencart/system/library/log.php on line 22
2021-05-10 14:56:25 - PHP Warning:  fclose() expects parameter 1 to be resource, bool given in /var/www/html/opencart/system/library/log.php on line 39
2021-05-10 14:56:25 - PHP Warning:  fopen(/var/www/html/opencart/system/storage/logs/OpenCartAction.txt): failed to open stream: Permission denied in /var/www/html/opencart/system/library/log.php on line 22
2021-05-10 14:56:25 - PHP Warning:  fclose() expects parameter 1 to be resource, bool given in /var/www/html/opencart/system/library/log.php on line 39
2021-05-10 14:56:25 - PHP Warning:  fclose() expects parameter 1 to be resource, bool given in /var/www/html/opencart/system/library/log.php on line 39
2021-05-10 14:56:25 - PHP Warning:  fopen(/var/www/html/opencart/system/storage/logs/OpenCartAction.txt): failed to open stream: Permission denied in /var/www/html/opencart/system/library/log.php on line 22
2021-05-10 14:56:25 - PHP Warning:  fclose() expects parameter 1 to be resource, bool given in /var/www/html/opencart/system/library/log.php on line 39
2021-05-10 14:56:25 - PHP Warning:  fopen(/var/www/html/opencart/system/storage/logs/OpenCartAction.txt): failed to open stream: Permission denied in /var/www/html/opencart/system/library/log.php on line 22
2021-05-10 14:56:25 - PHP Warning:  fclose() expects parameter 1 to be resource, bool given in /var/www/html/opencart/system/library/log.php on line 39
2021-05-10 14:56:25 - PHP Warning:  fopen(/var/www/html/opencart/system/storage/logs/OpenCartAction.txt): failed to open stream: Permission denied in /var/www/html/opencart/system/library/log.php on line 22
2021-05-10 14:56:25 - PHP Warning:  fopen(/var/www/html/opencart/system/storage/logs/OpenCartAction.txt): failed to open stream: Permission denied in /var/www/html/opencart/system/library/log.php on line 22
2021-05-10 14:56:25 - PHP Warning:  fclose() expects parameter 1 to be resource, bool given in /var/www/html/opencart/system/library/log.php on line 39
2021-05-10 14:56:25 - PHP Warning:  fopen(/var/www/html/opencart/system/storage/logs/OpenCartAction.txt): failed to open stream: Permission denied in /var/www/html/opencart/system/library/log.php on line 22
2021-05-10 14:56:25 - PHP Warning:  fclose() expects parameter 1 to be resource, bool given in /var/www/html/opencart/system/library/log.php on line 39
2021-05-10 14:56:25 - PHP Warning:  fopen(/var/www/html/opencart/system/storage/logs/OpenCartAction.txt): failed to open stream: Permission denied in /var/www/html/opencart/system/library/log.php on line 22
2021-05-10 14:56:25 - PHP Warning:  fopen(/var/www/html/opencart/system/storage/logs/OpenCartAction.txt): failed to open stream: Permission denied in /var/www/html/opencart/system/library/log.php on line 22
2021-05-10 14:56:25 - PHP Warning:  fclose() expects parameter 1 to be resource, bool given in /var/www/html/opencart/system/library/log.php on line 39
2021-05-10 14:56:25 - PHP Warning:  fopen(/var/www/html/opencart/system/storage/logs/OpenCartAction.txt): failed to open stream: Permission denied in /var/www/html/opencart/system/library/log.php on line 22
2021-05-10 14:56:25 - PHP Warning:  fclose() expects parameter 1 to be resource, bool given in /var/www/html/opencart/system/library/log.php on line 39
2021-05-10 14:56:25 - PHP Warning:  fopen(/var/www/html/opencart/system/storage/logs/OpenCartAction.txt): failed to open stream: Permission denied in /var/www/html/opencart/system/library/log.php on line 22
2021-05-10 14:56:25 - PHP Warning:  fclose() expects parameter 1 to be resource, bool given in /var/www/html/opencart/system/library/log.php on line 39
2021-05-10 14:56:25 - PHP Warning:  fclose() expects parameter 1 to be resource, bool given in /var/www/html/opencart/system/library/log.php on line 39
2021-05-10 14:56:25 - PHP Warning:  fopen(/var/www/html/opencart/system/storage/logs/OpenCartAction.txt): failed to open stream: Permission denied in /var/www/html/opencart/system/library/log.php on line 22
2021-05-10 14:56:25 - PHP Warning:  fclose() expects parameter 1 to be resource, bool given in /var/www/html/opencart/system/library/log.php on line 39
2021-05-10 14:56:25 - PHP Warning:  fopen(/var/www/html/opencart/system/storage/logs/OpenCartAction.txt): failed to open stream: Permission denied in /var/www/html/opencart/system/library/log.php on line 22
2021-05-10 14:56:25 - PHP Warning:  fclose() expects parameter 1 to be resource, bool given in /var/www/html/opencart/system/library/log.php on line 39
2021-05-10 14:56:25 - PHP Warning:  fopen(/var/www/html/opencart/system/storage/logs/OpenCartAction.txt): failed to open stream: Permission denied in /var/www/html/opencart/system/library/log.php on line 22
2021-05-10 14:56:25 - PHP Warning:  fopen(/var/www/html/opencart/system/storage/logs/OpenCartAction.txt): failed to open stream: Permission denied in /var/www/html/opencart/system/library/log.php on line 22
2021-05-10 14:56:25 - PHP Warning:  fclose() expects parameter 1 to be resource, bool given in /var/www/html/opencart/system/library/log.php on line 39
2021-05-10 14:56:25 - PHP Warning:  fopen(/var/www/html/opencart/system/storage/logs/OpenCartAction.txt): failed to open stream: Permission denied in /var/www/html/opencart/system/library/log.php on line 22
2021-05-10 14:56:25 - PHP Warning:  fclose() expects parameter 1 to be resource, bool given in /var/www/html/opencart/system/library/log.php on line 39
2021-05-10 14:56:25 - PHP Warning:  fopen(/var/www/html/opencart/system/storage/logs/OpenCartAction.txt): failed to open stream: Permission denied in /var/www/html/opencart/system/library/log.php on line 22
2021-05-10 14:56:25 - PHP Warning:  fclose() expects parameter 1 to be resource, bool given in /var/www/html/opencart/system/library/log.php on line 39
2021-05-10 14:56:25 - PHP Warning:  fclose() expects parameter 1 to be resource, bool given in /var/www/html/opencart/system/library/log.php on line 39
2021-05-10 14:56:25 - PHP Warning:  fopen(/var/www/html/opencart/system/storage/logs/OpenCartAction.txt): failed to open stream: Permission denied in /var/www/html/opencart/system/library/log.php on line 22
2021-05-10 14:56:25 - PHP Warning:  fclose() expects parameter 1 to be resource, bool given in /var/www/html/opencart/system/library/log.php on line 39
2021-05-10 14:56:25 - PHP Warning:  fopen(/var/www/html/opencart/system/storage/logs/OpenCartAction.txt): failed to open stream: Permission denied in /var/www/html/opencart/system/library/log.php on line 22
2021-05-10 14:56:25 - PHP Warning:  fclose() expects parameter 1 to be resource, bool given in /var/www/html/opencart/system/library/log.php on line 39
2021-05-10 14:56:25 - PHP Warning:  fopen(/var/www/html/opencart/system/storage/logs/OpenCartAction.txt): failed to open stream: Permission denied in /var/www/html/opencart/system/library/log.php on line 22
2021-05-10 14:56:25 - PHP Warning:  fopen(/var/www/html/opencart/system/storage/logs/OpenCartAction.txt): failed to open stream: Permission denied in /var/www/html/opencart/system/library/log.php on line 22
2021-05-10 14:56:25 - PHP Warning:  fclose() expects parameter 1 to be resource, bool given in /var/www/html/opencart/system/library/log.php on line 39
2021-05-10 14:56:25 - PHP Warning:  fopen(/var/www/html/opencart/system/storage/logs/OpenCartAction.txt): failed to open stream: Permission denied in /var/www/html/opencart/system/library/log.php on line 22
2021-05-10 14:56:25 - PHP Warning:  fclose() expects parameter 1 to be resource, bool given in /var/www/html/opencart/system/library/log.php on line 39
2021-05-10 14:56:25 - PHP Warning:  fopen(/var/www/html/opencart/system/storage/logs/OpenCartAction.txt): failed to open stream: Permission denied in /var/www/html/opencart/system/library/log.php on line 22
2021-05-10 14:56:25 - PHP Warning:  fclose() expects parameter 1 to be resource, bool given in /var/www/html/opencart/system/library/log.php on line 39
2021-05-10 14:56:25 - PHP Warning:  fclose() expects parameter 1 to be resource, bool given in /var/www/html/opencart/system/library/log.php on line 39
2021-05-10 14:56:25 - PHP Warning:  fopen(/var/www/html/opencart/system/storage/logs/OpenCartAction.txt): failed to open stream: Permission denied in /var/www/html/opencart/system/library/log.php on line 22
2021-05-10 14:56:25 - PHP Warning:  fclose() expects parameter 1 to be resource, bool given in /var/www/html/opencart/system/library/log.php on line 39
2021-05-10 14:56:25 - PHP Warning:  fopen(/var/www/html/opencart/system/storage/logs/OpenCartAction.txt): failed to open stream: Permission denied in /var/www/html/opencart/system/library/log.php on line 22
2021-05-10 14:56:25 - PHP Warning:  fclose() expects parameter 1 to be resource, bool given in /var/www/html/opencart/system/library/log.php on line 39
2021-05-10 14:56:25 - PHP Warning:  fopen(/var/www/html/opencart/system/storage/logs/OpenCartAction.txt): failed to open stream: Permission denied in /var/www/html/opencart/system/library/log.php on line 22
2021-05-10 14:56:25 - PHP Warning:  fopen(/var/www/html/opencart/system/storage/logs/OpenCartAction.txt): failed to open stream: Permission denied in /var/www/html/opencart/system/library/log.php on line 22
2021-05-10 14:56:25 - PHP Warning:  fclose() expects parameter 1 to be resource, bool given in /var/www/html/opencart/system/library/log.php on line 39
2021-05-10 14:56:25 - PHP Warning:  fopen(/var/www/html/opencart/system/storage/logs/OpenCartAction.txt): failed to open stream: Permission denied in /var/www/html/opencart/system/library/log.php on line 22
2021-05-10 14:56:25 - PHP Warning:  fclose() expects parameter 1 to be resource, bool given in /var/www/html/opencart/system/library/log.php on line 39
2021-05-10 14:56:25 - PHP Warning:  fopen(/var/www/html/opencart/system/storage/logs/OpenCartAction.txt): failed to open stream: Permission denied in /var/www/html/opencart/system/library/log.php on line 22
2021-05-10 14:56:25 - PHP Warning:  fclose() expects parameter 1 to be resource, bool given in /var/www/html/opencart/system/library/log.php on line 39
2021-05-10 14:56:25 - PHP Warning:  fopen(/var/www/html/opencart/system/storage/logs/OpenCartAction.txt): failed to open stream: Permission denied in /var/www/html/opencart/system/library/log.php on line 22
2021-05-10 14:56:25 - PHP Warning:  fclose() expects parameter 1 to be resource, bool given in /var/www/html/opencart/system/library/log.php on line 39
2021-05-10 14:56:25 - PHP Warning:  fopen(/var/www/html/opencart/system/storage/logs/OpenCartAction.txt): failed to open stream: Permission denied in /var/www/html/opencart/system/library/log.php on line 22
2021-05-10 14:56:25 - PHP Warning:  fclose() expects parameter 1 to be resource, bool given in /var/www/html/opencart/system/library/log.php on line 39
2021-05-10 14:56:25 - PHP Warning:  fopen(/var/www/html/opencart/system/storage/logs/OpenCartAction.txt): failed to open stream: Permission denied in /var/www/html/opencart/system/library/log.php on line 22
2021-05-10 14:56:25 - PHP Warning:  fclose() expects parameter 1 to be resource, bool given in /var/www/html/opencart/system/library/log.php on line 39
2021-05-10 14:56:25 - PHP Warning:  fclose() expects parameter 1 to be resource, bool given in /var/www/html/opencart/system/library/log.php on line 39
2021-05-10 14:56:25 - PHP Warning:  fopen(/var/www/html/opencart/system/storage/logs/OpenCartAction.txt): failed to open stream: Permission denied in /var/www/html/opencart/system/library/log.php on line 22
2021-05-10 14:56:25 - PHP Warning:  fclose() expects parameter 1 to be resource, bool given in /var/www/html/opencart/system/library/log.php on line 39
2021-05-10 14:56:25 - PHP Warning:  fopen(/var/www/html/opencart/system/storage/logs/OpenCartAction.txt): failed to open stream: Permission denied in /var/www/html/opencart/system/library/log.php on line 22
2021-05-10 14:56:25 - PHP Warning:  fclose() expects parameter 1 to be resource, bool given in /var/www/html/opencart/system/library/log.php on line 39
2021-05-10 14:56:25 - PHP Warning:  fopen(/var/www/html/opencart/system/storage/logs/OpenCartAction.txt): failed to open stream: Permission denied in /var/www/html/opencart/system/library/log.php on line 22
2021-05-10 14:56:25 - PHP Warning:  fopen(/var/www/html/opencart/system/storage/logs/OpenCartAction.txt): failed to open stream: Permission denied in /var/www/html/opencart/system/library/log.php on line 22
2021-05-10 14:56:25 - PHP Warning:  fclose() expects parameter 1 to be resource, bool given in /var/www/html/opencart/system/library/log.php on line 39
2021-05-10 14:56:25 - PHP Warning:  fopen(/var/www/html/opencart/system/storage/logs/OpenCartAction.txt): failed to open stream: Permission denied in /var/www/html/opencart/system/library/log.php on line 22
2021-05-10 14:56:25 - PHP Warning:  fclose() expects parameter 1 to be resource, bool given in /var/www/html/opencart/system/library/log.php on line 39
2021-05-10 14:56:25 - PHP Warning:  fopen(/var/www/html/opencart/system/storage/logs/OpenCartAction.txt): failed to open stream: Permission denied in /var/www/html/opencart/system/library/log.php on line 22
2021-05-10 14:56:25 - PHP Warning:  fclose() expects parameter 1 to be resource, bool given in /var/www/html/opencart/system/library/log.php on line 39
2021-05-10 14:56:25 - PHP Warning:  fclose() expects parameter 1 to be resource, bool given in /var/www/html/opencart/system/library/log.php on line 39
2021-05-10 14:56:25 - PHP Warning:  fopen(/var/www/html/opencart/system/storage/logs/OpenCartAction.txt): failed to open stream: Permission denied in /var/www/html/opencart/system/library/log.php on line 22
2021-05-10 14:56:25 - PHP Warning:  fclose() expects parameter 1 to be resource, bool given in /var/www/html/opencart/system/library/log.php on line 39
2021-05-10 14:56:25 - PHP Warning:  fopen(/var/www/html/opencart/system/storage/logs/OpenCartAction.txt): failed to open stream: Permission denied in /var/www/html/opencart/system/library/log.php on line 22
2021-05-10 14:56:25 - PHP Warning:  fclose() expects parameter 1 to be resource, bool given in /var/www/html/opencart/system/library/log.php on line 39
2021-05-10 14:56:25 - PHP Warning:  fopen(/var/www/html/opencart/system/storage/logs/OpenCartAction.txt): failed to open stream: Permission denied in /var/www/html/opencart/system/library/log.php on line 22
2021-05-10 14:56:25 - PHP Warning:  fclose() expects parameter 1 to be resource, bool given in /var/www/html/opencart/system/library/log.php on line 39
2021-05-10 14:56:25 - PHP Warning:  fopen(/var/www/html/opencart/system/storage/logs/OpenCartAction.txt): failed to open stream: Permission denied in /var/www/html/opencart/system/library/log.php on line 22
2021-05-10 14:56:25 - PHP Warning:  fclose() expects parameter 1 to be resource, bool given in /var/www/html/opencart/system/library/log.php on line 39
2021-05-10 14:56:25 - PHP Warning:  fclose() expects parameter 1 to be resource, bool given in /var/www/html/opencart/system/library/log.php on line 39
2021-05-10 14:56:25 - PHP Warning:  fopen(/var/www/html/opencart/system/storage/logs/OpenCartAction.txt): failed to open stream: Permission denied in /var/www/html/opencart/system/library/log.php on line 22
2021-05-10 14:56:25 - PHP Warning:  fclose() expects parameter 1 to be resource, bool given in /var/www/html/opencart/system/library/log.php on line 39
2021-05-10 14:56:25 - PHP Warning:  fopen(/var/www/html/opencart/system/storage/logs/OpenCartAction.txt): failed to open stream: Permission denied in /var/www/html/opencart/system/library/log.php on line 22
2021-05-10 14:56:25 - PHP Warning:  fclose() expects parameter 1 to be resource, bool given in /var/www/html/opencart/system/library/log.php on line 39
2021-05-10 14:56:25 - PHP Warning:  fopen(/var/www/html/opencart/system/storage/logs/OpenCartAction.txt): failed to open stream: Permission denied in /var/www/html/opencart/system/library/log.php on line 22
2021-05-10 14:56:25 - PHP Warning:  fclose() expects parameter 1 to be resource, bool given in /var/www/html/opencart/system/library/log.php on line 39
2021-05-10 14:56:25 - PHP Warning:  fopen(/var/www/html/opencart/system/storage/logs/OpenCartAction.txt): failed to open stream: Permission denied in /var/www/html/opencart/system/library/log.php on line 22
2021-05-10 14:56:25 - PHP Warning:  fclose() expects parameter 1 to be resource, bool given in /var/www/html/opencart/system/library/log.php on line 39
2021-05-10 14:56:25 - PHP Warning:  fclose() expects parameter 1 to be resource, bool given in /var/www/html/opencart/system/library/log.php on line 39
2021-05-10 14:56:25 - PHP Warning:  fopen(/var/www/html/opencart/system/storage/logs/OpenCartAction.txt): failed to open stream: Permission denied in /var/www/html/opencart/system/library/log.php on line 22
2021-05-10 14:56:25 - PHP Warning:  fclose() expects parameter 1 to be resource, bool given in /var/www/html/opencart/system/library/log.php on line 39
2021-05-10 14:56:25 - PHP Warning:  fclose() expects parameter 1 to be resource, bool given in /var/www/html/opencart/system/library/log.php on line 39
2021-09-24 9:13:51 - PHP Warning:  mysqli::__construct(): (HY000/2002): No such file or directory in /var/www/html/opencart/system/library/db/mysqli.php on line 7
2021-09-24 9:16:02 - PHP Warning:  mysqli::__construct(): (HY000/2002): No such file or directory in /var/www/html/opencart/system/library/db/mysqli.php on line 7
2021-09-24 9:16:05 - PHP Warning:  mysqli::__construct(): (HY000/2002): No such file or directory in /var/www/html/opencart/system/library/db/mysqli.php on line 7
2021-09-24 9:16:06 - PHP Warning:  mysqli::__construct(): (HY000/2002): No such file or directory in /var/www/html/opencart/system/library/db/mysqli.php on line 7
2021-09-24 9:16:06 - PHP Warning:  mysqli::__construct(): (HY000/2002): No such file or directory in /var/www/html/opencart/system/library/db/mysqli.php on line 7
2021-09-24 9:16:06 - PHP Warning:  mysqli::__construct(): (HY000/2002): No such file or directory in /var/www/html/opencart/system/library/db/mysqli.php on line 7
2021-09-24 15:45:07 - PHP Warning:  mysqli::__construct(): php_network_getaddresses: getaddrinfo failed: Temporary failure in name resolution in /var/www/html/opencart/system/library/db/mysqli.php on line 7
2021-09-24 15:45:07 - PHP Warning:  mysqli::__construct(): (HY000/2002): php_network_getaddresses: getaddrinfo failed: Temporary failure in name resolution in /var/www/html/opencart/system/library/db/mysqli.php on line 7
2021-09-24 15:45:10 - PHP Warning:  mysqli::__construct(): php_network_getaddresses: getaddrinfo failed: Temporary failure in name resolution in /var/www/html/opencart/system/library/db/mysqli.php on line 7
2021-09-24 15:45:10 - PHP Warning:  mysqli::__construct(): (HY000/2002): php_network_getaddresses: getaddrinfo failed: Temporary failure in name resolution in /var/www/html/opencart/system/library/db/mysqli.php on line 7
2021-09-24 15:45:17 - PHP Warning:  mysqli::__construct(): php_network_getaddresses: getaddrinfo failed: Temporary failure in name resolution in /var/www/html/opencart/system/library/db/mysqli.php on line 7
2021-09-24 15:45:17 - PHP Warning:  mysqli::__construct(): (HY000/2002): php_network_getaddresses: getaddrinfo failed: Temporary failure in name resolution in /var/www/html/opencart/system/library/db/mysqli.php on line 7
2021-09-24 15:45:26 - PHP Warning:  mysqli::__construct(): php_network_getaddresses: getaddrinfo failed: Temporary failure in name resolution in /var/www/html/opencart/system/library/db/mysqli.php on line 7
2021-09-24 15:45:26 - PHP Warning:  mysqli::__construct(): (HY000/2002): php_network_getaddresses: getaddrinfo failed: Temporary failure in name resolution in /var/www/html/opencart/system/library/db/mysqli.php on line 7
2021-09-24 15:45:41 - PHP Warning:  mysqli::__construct(): php_network_getaddresses: getaddrinfo failed: Temporary failure in name resolution in /var/www/html/opencart/system/library/db/mysqli.php on line 7
2021-09-24 15:45:41 - PHP Warning:  mysqli::__construct(): (HY000/2002): php_network_getaddresses: getaddrinfo failed: Temporary failure in name resolution in /var/www/html/opencart/system/library/db/mysqli.php on line 7
2021-10-06 12:34:02 - PHP Warning:  mysqli::__construct(): (HY000/2002): Connection refused in /var/www/html/opencart/system/library/db/mysqli.php on line 7
